[35mhistory-app:build: [0mcache hit, replaying output [2mde62c46396aca032[0m
[35mhistory-app:build: [0m$ ng build
[35mhistory-app:build: [0m- Generating browser application bundles (phase: setup)...
[35mhistory-app:build: [0m✔ Browser application bundle generation complete.
[35mhistory-app:build: [0m✔ Browser application bundle generation complete.
[35mhistory-app:build: [0m- Copying assets...
[35mhistory-app:build: [0m✔ Copying assets complete.
[35mhistory-app:build: [0m- Generating index html...
[35mhistory-app:build: [0m✔ Index html generation complete.
[35mhistory-app:build: [0m
[35mhistory-app:build: [0mInitial Chunk Files           | Names         |  Raw Size | Estimated Transfer Size
[35mhistory-app:build: [0mpolyfills.37fd67c414a98b54.js | polyfills     |  42.24 kB |                13.46 kB
[35mhistory-app:build: [0mmain.30b8f7eed9c4a34f.js      | main          |   9.60 kB |                 3.00 kB
[35mhistory-app:build: [0mremoteEntry.js                | history-app   |   7.96 kB |                 3.07 kB
[35mhistory-app:build: [0mstyles.ef46db3751d8e999.css   | styles        |   0 bytes |                       -
[35mhistory-app:build: [0m
[35mhistory-app:build: [0m| Initial Total |  59.80 kB |                19.53 kB
[35mhistory-app:build: [0m
[35mhistory-app:build: [0mLazy Chunk Files              | Names         |  Raw Size | Estimated Transfer Size
[35mhistory-app:build: [0m650.7369365f62b125ff.js       | -             | 177.51 kB |                50.49 kB
[35mhistory-app:build: [0m511.12a52957e4519ab7.js       | -             |  70.48 kB |                17.08 kB
[35mhistory-app:build: [0m793.50efe41368b406f4.js       | -             |  70.48 kB |                17.08 kB
[35mhistory-app:build: [0m236.5c9f5c10b72852cf.js       | -             |  64.60 kB |                18.35 kB
[35mhistory-app:build: [0m746.8b4516811980b28f.js       | -             |  62.74 kB |                16.84 kB
[35mhistory-app:build: [0m516.5101f54c146ab30a.js       | -             |  62.74 kB |                16.84 kB
[35mhistory-app:build: [0m559.469286ab4b62b7c5.js       | -             |  55.58 kB |                15.66 kB
[35mhistory-app:build: [0m895.75702189ac08ef70.js       | -             |  55.41 kB |                13.90 kB
[35mhistory-app:build: [0m181.3d42bf806417dc43.js       | -             |  55.40 kB |                13.92 kB
[35mhistory-app:build: [0m822.3e7dd93c944cf5c1.js       | bootstrap     |  37.14 kB |                 8.99 kB
[35mhistory-app:build: [0m756.4707413766bd1d6c.js       | -             |  28.88 kB |                 7.33 kB
[35mhistory-app:build: [0m637.acc82d40f83dcd52.js       | -             |  28.59 kB |                 7.23 kB
[35mhistory-app:build: [0m481.87d0b95cb14ec200.js       | -             |  21.84 kB |                 6.17 kB
[35mhistory-app:build: [0m255.c9fa2776c93f39a8.js       | -             |  21.84 kB |                 6.18 kB
[35mhistory-app:build: [0m471.2ef3a6db24c547ca.js       | -             |  18.68 kB |                 5.00 kB
[35mhistory-app:build: [0m529.39e0be6cdad0331e.js       | -             |  18.67 kB |                 5.00 kB
[35mhistory-app:build: [0m321.113d3d2ac7052050.js       | -             |  15.73 kB |                 4.55 kB
[35mhistory-app:build: [0m555.914f75c5f2b66737.js       | -             |  15.72 kB |                 4.54 kB
[35mhistory-app:build: [0m762.3746a3c45abee5f0.js       | -             |  13.41 kB |                 4.01 kB
[35mhistory-app:build: [0m392.945b6a0f1d880876.js       | -             |  13.13 kB |                 3.89 kB
[35mhistory-app:build: [0m340.9990c9e0d9a6a77e.js       | -             |   4.10 kB |                 1.05 kB
[35mhistory-app:build: [0m729.5f99140209d17b0d.js       | -             |   1.72 kB |               707 bytes
[35mhistory-app:build: [0m850.aaddf42db2cc9d52.js       | -             |   1.44 kB |               570 bytes
[35mhistory-app:build: [0m248.5268539862da4229.js       | -             | 167 bytes |               127 bytes
[35mhistory-app:build: [0m569.6a0bf74a5260029b.js       | -             | 163 bytes |               123 bytes
[35mhistory-app:build: [0m
[35mhistory-app:build: [0mBuild at: 2022-03-05T14:52:37.837Z - Hash: d0e8ad74dc5399a0 - Time: 191162ms
